  selectServer.cpp
D:\객체지향 윈도우즈 연습\Eleventh_week\SelectServer\SelectServer\selectServer.cpp(96,9): warning C4477: 'printf' : 서식 문자열 '%s'에 'char *' 형식의 인수가 필요하지만 variadic 인수 1의 형식이 'LPCTSTR'입니다.
  D:\객체지향 윈도우즈 연습\Eleventh_week\SelectServer\SelectServer\selectServer.cpp(96,9):
  서식 문자열에서 '%ls'을(를) 사용하는 것이 좋습니다.
  D:\객체지향 윈도우즈 연습\Eleventh_week\SelectServer\SelectServer\selectServer.cpp(96,9):
  서식 문자열에서 '%lls'을(를) 사용하는 것이 좋습니다.
  D:\객체지향 윈도우즈 연습\Eleventh_week\SelectServer\SelectServer\selectServer.cpp(96,9):
  서식 문자열에서 '%Ls'을(를) 사용하는 것이 좋습니다.
  D:\객체지향 윈도우즈 연습\Eleventh_week\SelectServer\SelectServer\selectServer.cpp(96,9):
  서식 문자열에서 '%ws'을(를) 사용하는 것이 좋습니다.
  
D:\객체지향 윈도우즈 연습\Eleventh_week\SelectServer\SelectServer\selectServer.cpp(96,9): warning C4477: 'printf' : 서식 문자열 '%s'에 'char *' 형식의 인수가 필요하지만 variadic 인수 2의 형식이 'LPCTSTR'입니다.
  D:\객체지향 윈도우즈 연습\Eleventh_week\SelectServer\SelectServer\selectServer.cpp(96,9):
  서식 문자열에서 '%ls'을(를) 사용하는 것이 좋습니다.
  D:\객체지향 윈도우즈 연습\Eleventh_week\SelectServer\SelectServer\selectServer.cpp(96,9):
  서식 문자열에서 '%lls'을(를) 사용하는 것이 좋습니다.
  D:\객체지향 윈도우즈 연습\Eleventh_week\SelectServer\SelectServer\selectServer.cpp(96,9):
  서식 문자열에서 '%Ls'을(를) 사용하는 것이 좋습니다.
  D:\객체지향 윈도우즈 연습\Eleventh_week\SelectServer\SelectServer\selectServer.cpp(96,9):
  서식 문자열에서 '%ws'을(를) 사용하는 것이 좋습니다.
  
D:\객체지향 윈도우즈 연습\Eleventh_week\SelectServer\SelectServer\selectServer.cpp(159,2): warning C4091: 'typedef ': 변수를 선언하지 않으면 'var_for_data_communication' 왼쪽은 무시됩니다.
  SelectServer.vcxproj -> D:\객체지향 윈도우즈 연습\Eleventh_week\SelectServer\x64\Debug\SelectServer.exe
