  server.cpp
C:\Users\kgm09\source\repos\UDP_client\UDP_Server\server.cpp(35,9): warning C4477: 'printf' : 서식 문자열 '%s'에 'char *' 형식의 인수가 필요하지만 variadic 인수 1의 형식이 'LPCTSTR'입니다.
  C:\Users\kgm09\source\repos\UDP_client\UDP_Server\server.cpp(35,9):
  서식 문자열에서 '%ls'을(를) 사용하는 것이 좋습니다.
  C:\Users\kgm09\source\repos\UDP_client\UDP_Server\server.cpp(35,9):
  서식 문자열에서 '%lls'을(를) 사용하는 것이 좋습니다.
  C:\Users\kgm09\source\repos\UDP_client\UDP_Server\server.cpp(35,9):
  서식 문자열에서 '%Ls'을(를) 사용하는 것이 좋습니다.
  C:\Users\kgm09\source\repos\UDP_client\UDP_Server\server.cpp(35,9):
  서식 문자열에서 '%ws'을(를) 사용하는 것이 좋습니다.
  
C:\Users\kgm09\source\repos\UDP_client\UDP_Server\server.cpp(35,9): warning C4477: 'printf' : 서식 문자열 '%s'에 'char *' 형식의 인수가 필요하지만 variadic 인수 2의 형식이 'LPCTSTR'입니다.
  C:\Users\kgm09\source\repos\UDP_client\UDP_Server\server.cpp(35,9):
  서식 문자열에서 '%ls'을(를) 사용하는 것이 좋습니다.
  C:\Users\kgm09\source\repos\UDP_client\UDP_Server\server.cpp(35,9):
  서식 문자열에서 '%lls'을(를) 사용하는 것이 좋습니다.
  C:\Users\kgm09\source\repos\UDP_client\UDP_Server\server.cpp(35,9):
  서식 문자열에서 '%Ls'을(를) 사용하는 것이 좋습니다.
  C:\Users\kgm09\source\repos\UDP_client\UDP_Server\server.cpp(35,9):
  서식 문자열에서 '%ws'을(를) 사용하는 것이 좋습니다.
  
C:\Users\kgm09\source\repos\UDP_client\UDP_Server\server.cpp(77,2): warning C4091: 'typedef ': 변수를 선언하지 않으면 'ClientAddr' 왼쪽은 무시됩니다.
  UDP_Server.vcxproj -> C:\Users\kgm09\source\repos\UDP_client\x64\Debug\UDP_Server.exe
